DEBUG flower 2022-04-17 22:38:52,176 | connection.py:36 | ChannelConnectivity.IDLE
DEBUG flower 2022-04-17 22:38:52,176 | connection.py:36 | ChannelConnectivity.READY
INFO flower 2022-04-17 22:38:52,183 | app.py:61 | Opened (insecure) gRPC connection
DEBUG flower 2022-04-18 00:11:42,666 | connection.py:68 | Insecure gRPC channel closed
INFO flower 2022-04-18 00:11:42,666 | app.py:72 | Disconnect and shut down
Client CID: 1
[28016 28321 47294 53184]
[1344 3713 4197 4708]
Client 1 round 1 (before train) - Evaluate on 2369 samples: Average loss: 2.3005, Accuracy: 10.05%

Training 5 epoch(s) w/ 5 mini-batches each





Client 1 should_send_params: True 


 Client 1 round 1 returning params_prime of size 4800816  

Client 1 round 1 - Evaluate on 2369 samples: Average loss: 0.7966, Accuracy: 74.34%

Client 1 round 2 (before train) - Evaluate on 2369 samples: Average loss: 0.7966, Accuracy: 74.34%

Training 5 epoch(s) w/ 5 mini-batches each





Client 1 should_send_params: False 


 Client 1 round 2 returning params_prime of size 169  

Client 1 round 2 - Evaluate on 2369 samples: Average loss: 0.7836, Accuracy: 74.42%

Client 1 round 3 (before train) - Evaluate on 2369 samples: Average loss: 0.7836, Accuracy: 74.42%

Training 5 epoch(s) w/ 5 mini-batches each





Client 1 should_send_params: False 


 Client 1 round 3 returning params_prime of size 169  

Client 1 round 3 - Evaluate on 2369 samples: Average loss: 0.7741, Accuracy: 74.67%

Client 1 round 4 (before train) - Evaluate on 2369 samples: Average loss: 0.7741, Accuracy: 74.67%

Training 5 epoch(s) w/ 5 mini-batches each





Client 1 should_send_params: False 


 Client 1 round 4 returning params_prime of size 169  

Client 1 round 4 - Evaluate on 2369 samples: Average loss: 0.7678, Accuracy: 74.63%

Client 1 round 5 (before train) - Evaluate on 2369 samples: Average loss: 0.7678, Accuracy: 74.63%

Training 5 epoch(s) w/ 5 mini-batches each





Client 1 should_send_params: False 


 Client 1 round 5 returning params_prime of size 169  

Client 1 round 5 - Evaluate on 2369 samples: Average loss: 0.7618, Accuracy: 74.72%

Client 1 round 6 (before train) - Evaluate on 2369 samples: Average loss: 0.7618, Accuracy: 74.72%

Training 5 epoch(s) w/ 5 mini-batches each





Client 1 should_send_params: False 


 Client 1 round 6 returning params_prime of size 169  

Client 1 round 6 - Evaluate on 2369 samples: Average loss: 0.7569, Accuracy: 74.63%

Client 1 round 7 (before train) - Evaluate on 2369 samples: Average loss: 0.7569, Accuracy: 74.63%

Training 5 epoch(s) w/ 5 mini-batches each





Client 1 should_send_params: False 


 Client 1 round 7 returning params_prime of size 169  

Client 1 round 7 - Evaluate on 2369 samples: Average loss: 0.7494, Accuracy: 74.80%

Client 1 round 8 (before train) - Evaluate on 2369 samples: Average loss: 0.7494, Accuracy: 74.80%

Training 5 epoch(s) w/ 5 mini-batches each





Client 1 should_send_params: False 


 Client 1 round 8 returning params_prime of size 169  

Client 1 round 8 - Evaluate on 2369 samples: Average loss: 0.7469, Accuracy: 74.88%

Client 1 round 9 (before train) - Evaluate on 2369 samples: Average loss: 0.7469, Accuracy: 74.88%

Training 5 epoch(s) w/ 5 mini-batches each





Client 1 should_send_params: False 


 Client 1 round 9 returning params_prime of size 169  

Client 1 round 9 - Evaluate on 2369 samples: Average loss: 0.7421, Accuracy: 75.22%

Client 1 round 10 (before train) - Evaluate on 2369 samples: Average loss: 0.7421, Accuracy: 75.22%

Training 5 epoch(s) w/ 5 mini-batches each





Client 1 should_send_params: False 


 Client 1 round 10 returning params_prime of size 169  

Client 1 round 10 - Evaluate on 2369 samples: Average loss: 0.7382, Accuracy: 75.43%

Client 1 round 11 (before train) - Evaluate on 2369 samples: Average loss: 0.7382, Accuracy: 75.43%

Training 5 epoch(s) w/ 5 mini-batches each





Client 1 should_send_params: False 


 Client 1 round 11 returning params_prime of size 169  

Client 1 round 11 - Evaluate on 2369 samples: Average loss: 0.7332, Accuracy: 75.35%

Client 1 round 12 (before train) - Evaluate on 2369 samples: Average loss: 0.7332, Accuracy: 75.35%

Training 5 epoch(s) w/ 5 mini-batches each





Client 1 should_send_params: False 


 Client 1 round 12 returning params_prime of size 169  

Client 1 round 12 - Evaluate on 2369 samples: Average loss: 0.7268, Accuracy: 75.26%

Client 1 round 13 (before train) - Evaluate on 2369 samples: Average loss: 0.7268, Accuracy: 75.26%

Training 5 epoch(s) w/ 5 mini-batches each





Client 1 should_send_params: False 


 Client 1 round 13 returning params_prime of size 169  

Client 1 round 13 - Evaluate on 2369 samples: Average loss: 0.7248, Accuracy: 75.14%

Client 1 round 14 (before train) - Evaluate on 2369 samples: Average loss: 0.7248, Accuracy: 75.14%

Training 5 epoch(s) w/ 5 mini-batches each





Client 1 should_send_params: False 


 Client 1 round 14 returning params_prime of size 169  

Client 1 round 14 - Evaluate on 2369 samples: Average loss: 0.7215, Accuracy: 75.22%

Client 1 round 15 (before train) - Evaluate on 2369 samples: Average loss: 0.7215, Accuracy: 75.22%

Training 5 epoch(s) w/ 5 mini-batches each





Client 1 should_send_params: False 


 Client 1 round 15 returning params_prime of size 169  

Client 1 round 15 - Evaluate on 2369 samples: Average loss: 0.7189, Accuracy: 75.35%

Client 1 round 16 (before train) - Evaluate on 2369 samples: Average loss: 0.7189, Accuracy: 75.35%

Training 5 epoch(s) w/ 5 mini-batches each





Client 1 should_send_params: False 


 Client 1 round 16 returning params_prime of size 169  

Client 1 round 16 - Evaluate on 2369 samples: Average loss: 0.7151, Accuracy: 75.26%

Client 1 round 17 (before train) - Evaluate on 2369 samples: Average loss: 0.7151, Accuracy: 75.26%

Training 5 epoch(s) w/ 5 mini-batches each





Client 1 should_send_params: False 


 Client 1 round 17 returning params_prime of size 169  

Client 1 round 17 - Evaluate on 2369 samples: Average loss: 0.7118, Accuracy: 75.35%

Client 1 round 18 (before train) - Evaluate on 2369 samples: Average loss: 0.7118, Accuracy: 75.35%

Training 5 epoch(s) w/ 5 mini-batches each





Client 1 should_send_params: False 


 Client 1 round 18 returning params_prime of size 169  

Client 1 round 18 - Evaluate on 2369 samples: Average loss: 0.7080, Accuracy: 75.18%

Client 1 round 19 (before train) - Evaluate on 2369 samples: Average loss: 0.7080, Accuracy: 75.18%

Training 5 epoch(s) w/ 5 mini-batches each





Client 1 should_send_params: False 


 Client 1 round 19 returning params_prime of size 169  

Client 1 round 19 - Evaluate on 2369 samples: Average loss: 0.7048, Accuracy: 75.31%

Client 1 round 20 (before train) - Evaluate on 2369 samples: Average loss: 0.7048, Accuracy: 75.31%

Training 5 epoch(s) w/ 5 mini-batches each





Client 1 should_send_params: False 


 Client 1 round 20 returning params_prime of size 169  

Client 1 round 20 - Evaluate on 2369 samples: Average loss: 0.7027, Accuracy: 75.22%

